<?xml version="1.0" encoding="UTF-8" ?>
<testsuite errors="0" failures="0" hostname="DARKSTAR" name="PhoneBookExample-test" tests="6" time="0.719" timestamp="2008-04-04T12:23:13">
  <properties>
    <property name="java.runtime.name" value="Java(TM) 2 Runtime Environment, Standard Edition" />
    <property name="sun.boot.library.path" value="C:\jdk1.5.0_04\jre\bin" />
    <property name="java.vm.version" value="1.5.0_04-b05" />
    <property name="java.vm.vendor" value="Sun Microsystems Inc." />
    <property name="java.vendor.url" value="http://java.sun.com/" />
    <property name="path.separator" value=";" />
    <property name="java.vm.name" value="Java HotSpot(TM) Client VM" />
    <property name="file.encoding.pkg" value="sun.io" />
    <property name="user.country" value="IE" />
    <property name="sun.os.patch.level" value="Service Pack 2" />
    <property name="java.vm.specification.name" value="Java Virtual Machine Specification" />
    <property name="user.dir" value="C:\projects\3.3\PhoneBookExample-test" />
    <property name="java.runtime.version" value="1.5.0_04-b05" />
    <property name="java.awt.graphicsenv" value="sun.awt.Win32GraphicsEnvironment" />
    <property name="java.endorsed.dirs" value="C:\jdk1.5.0_04\jre\lib\endorsed" />
    <property name="os.arch" value="x86" />
    <property name="java.io.tmpdir" value="C:\temp\" />
    <property name="line.separator" value="
" />
    <property name="java.vm.specification.vendor" value="Sun Microsystems Inc." />
    <property name="user.variant" value="" />
    <property name="os.name" value="Windows XP" />
    <property name="sun.jnu.encoding" value="Cp1252" />
    <property name="java.library.path" value="C:\jdk1.5.0_04\jre\bin;.;C:\WINDOWS\system32;C:\WINDOWS;C:\tools\bin;C:\WINDOWS\system32;C:\WINDOWS;C:\WINDOWS\System32\Wbem;C:\packages\maven-2.0-alpha-3\bin;C:\Program Files\Common Files\Sonic Shared;C:\Program Files\QuickTime\QTSystem\" />
    <property name="java.specification.name" value="Java Platform API Specification" />
    <property name="java.class.version" value="49.0" />
    <property name="sun.management.compiler" value="HotSpot Client Compiler" />
    <property name="os.version" value="5.1" />
    <property name="user.home" value="C:\Documents and Settings\brian" />
    <property name="user.timezone" value="" />
    <property name="java.awt.printerjob" value="sun.awt.windows.WPrinterJob" />
    <property name="file.encoding" value="Cp1252" />
    <property name="java.specification.version" value="1.5" />
    <property name="user.name" value="brian" />
    <property name="java.class.path" value="C:\projects\3.3\target\plugins\PhoneBookExample_1.0.0.jar;C:\projects\eclipse-3.3.2\eclipse\plugins\org.eclipse.core.runtime_3.3.100.v20070530.jar;C:\projects\eclipse-3.3.2\eclipse\plugins\org.eclipse.equinox.common_3.3.0.v20070426.jar;C:\projects\eclipse-3.3.2\eclipse\plugins\org.eclipse.jface_3.3.2.M20080207-0800.jar;C:\projects\eclipse-3.3.2\eclipse\plugins\org.eclipse.swt.win32.win32.x86_3.3.3.v3349.jar;C:\projects\eclipse-3.3.2\eclipse\plugins\org.eclipse.swt_3.3.2.v3349d.jar;C:\projects\eclipse-3.3.2\eclipse\plugins\org.eclipse.ui.workbench_3.3.2.M20080207-0800.jar;C:\projects\eclipse-3.3.2\eclipse\plugins\org.junit_3.8.2.v200706111738\junit.jar;C:\projects\3.3\target\plugins\pde.test.utils_3.3.jar;C:\projects\eclipse-3.3.2\eclipse\plugins\org.apache.ant_1.7.0.v200706080842\lib\ant-junit.jar;C:\projects\eclipse-3.3.2\eclipse\plugins\org.apache.ant_1.7.0.v200706080842\lib\ant.jar;C:\projects\eclipse-3.3.2\eclipse\plugins\org.eclipse.core.resources_3.3.1.R33x_v20080205.jar;C:\projects\eclipse-3.3.2\eclipse\plugins\org.eclipse.debug.core_3.3.2.v20080117_r332.jar;C:\projects\eclipse-3.3.2\eclipse\plugins\org.eclipse.equinox.preferences_3.2.101.R33x_v20080117.jar;C:\projects\eclipse-3.3.2\eclipse\plugins\org.eclipse.jdt.junit_3.3.2.r332_20080109-0800.jar;C:\projects\eclipse-3.3.2\eclipse\plugins\org.eclipse.osgi_3.3.2.R33x_v20080105.jar" />
    <property name="java.vm.specification.version" value="1.0" />
    <property name="java.home" value="C:\jdk1.5.0_04\jre" />
    <property name="sun.arch.data.model" value="32" />
    <property name="user.language" value="en" />
    <property name="java.specification.vendor" value="Sun Microsystems Inc." />
    <property name="awt.toolkit" value="sun.awt.windows.WToolkit" />
    <property name="java.vm.info" value="mixed mode, sharing" />
    <property name="java.version" value="1.5.0_04" />
    <property name="java.ext.dirs" value="C:\jdk1.5.0_04\jre\lib\ext" />
    <property name="sun.boot.class.path" value="C:\jdk1.5.0_04\jre\lib\rt.jar;C:\jdk1.5.0_04\jre\lib\i18n.jar;C:\jdk1.5.0_04\jre\lib\sunrsasign.jar;C:\jdk1.5.0_04\jre\lib\jsse.jar;C:\jdk1.5.0_04\jre\lib\jce.jar;C:\jdk1.5.0_04\jre\lib\charsets.jar;C:\jdk1.5.0_04\jre\classes" />
    <property name="java.vendor" value="Sun Microsystems Inc." />
    <property name="file.separator" value="\" />
    <property name="java.vendor.url.bug" value="http://java.sun.com/cgi-bin/bugreport.cgi" />
    <property name="sun.io.unicode.encoding" value="UnicodeLittle" />
    <property name="sun.cpu.endian" value="little" />
    <property name="sun.desktop" value="windows" />
    <property name="sun.cpu.isalist" value="pentium_pro+mmx pentium_pro pentium+mmx pentium i486 i386 i86" />
  </properties>
  <testcase classname="pde.test.utils.PDETestListener$WrapperTestCase" name="testDialogTitle(phonebookexample.dialogs.PhoneBookEntryEditorDialogTest)" time="0.141" />
  <testcase classname="pde.test.utils.PDETestListener$WrapperTestCase" name="testInitialDialog(phonebookexample.dialogs.PhoneBookEntryEditorDialogTest)" time="0.0" />
  <testcase classname="pde.test.utils.PDETestListener$WrapperTestCase" name="testInvalidNumberDisablesOKButton(phonebookexample.dialogs.PhoneBookEntryEditorDialogTest)" time="0.0" />
  <testcase classname="pde.test.utils.PDETestListener$WrapperTestCase" name="testValidNumberEnablesOKButton(phonebookexample.dialogs.PhoneBookEntryEditorDialogTest)" time="0.0" />
  <testcase classname="pde.test.utils.PDETestListener$WrapperTestCase" name="testChangingNameUpdatesPhoneBookEntryData(phonebookexample.dialogs.PhoneBookEntryEditorDialogTest)" time="0.0" />
  <testcase classname="pde.test.utils.PDETestListener$WrapperTestCase" name="testChangingNumberUpdatesPhoneBookEntryData(phonebookexample.dialogs.PhoneBookEntryEditorDialogTest)" time="0.031" />
</testsuite>
